[2012-02-12 11-00-42] Fatal error: Class 'Routers\CliRouter' not found in H:\inetpub\nalada.sk\app\bootstrap.php:40  @  cli: index.php list  @@  exception-2012-02-12-11-00-42-654461ababf8e640e4b2fd7abb9df43c.html
[2012-02-12 11-02-13] Fatal error: Class 'Routers\CliRouter' not found in H:\inetpub\nalada.sk\app\bootstrap.php:40  @  cli: index.php list  @@  exception-2012-02-12-11-00-42-654461ababf8e640e4b2fd7abb9df43c.html
[2012-02-12 11-03-29] Nette\DI\MissingServiceException: Service 'documentManager' not found. in H:\inetpub\nalada.sk\libs\Nette\DI\Container.php:159  @  cli: index.php list  @@  exception-2012-02-12-11-03-29-675004b551dc2bd203b63f7fec2cf23f.html
[2012-02-12 11-07-07] Nette\DI\MissingServiceException: Service 'documentManager' not found. in H:\inetpub\nalada.sk\libs\Nette\DI\Container.php:159  @  cli: index.php list  @@  exception-2012-02-12-11-03-29-675004b551dc2bd203b63f7fec2cf23f.html
[2012-02-12 11-08-13] Nette\DI\MissingServiceException: Service 'documentManager' not found. in H:\inetpub\nalada.sk\libs\Nette\DI\Container.php:159  @  cli: index.php list  @@  exception-2012-02-12-11-03-29-675004b551dc2bd203b63f7fec2cf23f.html
[2012-02-12 11-09-13] Nette\DI\MissingServiceException: Service 'documentManager' not found. in H:\inetpub\nalada.sk\libs\Nette\DI\Container.php:159  @  cli: index.php list  @@  exception-2012-02-12-11-03-29-675004b551dc2bd203b63f7fec2cf23f.html
[2012-02-12 12-48-58] RuntimeException: Not enough arguments. in H:\inetpub\nalada.sk\libs\Symfony\Console\Input\Input.php:74  @  cli: index.php app:user:create  @@  exception-2012-02-12-12-48-58-967412dcffcd6a91ece89bef109a0040.html
[2012-02-12 12-51-17] RuntimeException: Not enough arguments. in H:\inetpub\nalada.sk\libs\Symfony\Console\Input\Input.php:74  @  cli: index.php app:user:create  @@  exception-2012-02-12-12-48-58-967412dcffcd6a91ece89bef109a0040.html
[2012-02-12 12-51-35] RuntimeException: Not enough arguments. in H:\inetpub\nalada.sk\libs\Symfony\Console\Input\Input.php:74  @  cli: index.php app:user:create  @@  exception-2012-02-12-12-48-58-967412dcffcd6a91ece89bef109a0040.html
[2012-02-12 13-03-57] Fatal error: Undefined class constant 'RE' in H:\inetpub\nalada.sk\app\console\commands\CreateUser.php:22  @  cli: index.php app:user:create  @@  exception-2012-02-12-13-03-57-fa228bc08ce50a948c1f66d0a9675c69.html
[2012-02-12 13-04-18] Fatal error: Undefined class constant 'RE' in H:\inetpub\nalada.sk\app\console\commands\CreateUser.php:22  @  cli: index.php app:user:create  @@  exception-2012-02-12-13-03-57-fa228bc08ce50a948c1f66d0a9675c69.html
[2012-02-12 13-18-51] RuntimeException: Aborted in H:\inetpub\nalada.sk\libs\Symfony\Console\Helper\DialogHelper.php:42  @  cli: index.php app:user:create  @@  exception-2012-02-12-13-18-51-a1f78086f0cef9dfdac2db73a68c0443.html
[2012-02-12 13-22-11] PHP Warning: spl_object_hash() expects parameter 1 to be object, array given in H:\inetpub\nalada.sk\libs\Doctrine\ODM\MongoDB\UnitOfWork.php:1627  @  cli: index.php app:user:create
[2012-02-12 13-22-11] PHP Warning: get_class() expects parameter 1 to be object, array given in H:\inetpub\nalada.sk\libs\Doctrine\ODM\MongoDB\UnitOfWork.php:2722  @  cli: index.php app:user:create
[2012-02-12 13-22-11] PHP Warning: spl_object_hash() expects parameter 1 to be object, array given in H:\inetpub\nalada.sk\libs\Doctrine\ODM\MongoDB\UnitOfWork.php:2722  @  cli: index.php app:user:create
[2012-02-12 13-22-11] InvalidArgumentException: Document has to be managed for single computation @ in H:\inetpub\nalada.sk\libs\Doctrine\ODM\MongoDB\UnitOfWork.php:515  @  cli: index.php app:user:create  @@  exception-2012-02-12-13-22-11-52b633a6a80e69a22ca3abec72a925c7.html
[2012-02-12 13-24-39] PHP Warning: spl_object_hash() expects parameter 1 to be object, array given in H:\inetpub\nalada.sk\libs\Doctrine\ODM\MongoDB\UnitOfWork.php:1627  @  cli: index.php app:user:create martin martin
[2012-02-12 13-24-39] PHP Warning: get_class() expects parameter 1 to be object, array given in H:\inetpub\nalada.sk\libs\Doctrine\ODM\MongoDB\UnitOfWork.php:2722  @  cli: index.php app:user:create martin martin
[2012-02-12 13-24-39] PHP Warning: spl_object_hash() expects parameter 1 to be object, array given in H:\inetpub\nalada.sk\libs\Doctrine\ODM\MongoDB\UnitOfWork.php:2722  @  cli: index.php app:user:create martin martin
[2012-02-12 13-24-39] InvalidArgumentException: Document has to be managed for single computation @ in H:\inetpub\nalada.sk\libs\Doctrine\ODM\MongoDB\UnitOfWork.php:515  @  cli: index.php app:user:create martin martin  @@  exception-2012-02-12-13-22-11-52b633a6a80e69a22ca3abec72a925c7.html
[2012-02-12 13-28-59] PHP Warning: spl_object_hash() expects parameter 1 to be object, array given in H:\inetpub\nalada.sk\libs\Doctrine\ODM\MongoDB\UnitOfWork.php:1627  @  cli: index.php app:user:create martin martin
[2012-02-12 13-28-59] PHP Warning: get_class() expects parameter 1 to be object, array given in H:\inetpub\nalada.sk\libs\Doctrine\ODM\MongoDB\UnitOfWork.php:2722  @  cli: index.php app:user:create martin martin
[2012-02-12 13-28-59] PHP Warning: spl_object_hash() expects parameter 1 to be object, array given in H:\inetpub\nalada.sk\libs\Doctrine\ODM\MongoDB\UnitOfWork.php:2722  @  cli: index.php app:user:create martin martin
[2012-02-12 13-28-59] InvalidArgumentException: Document has to be managed for single computation @ in H:\inetpub\nalada.sk\libs\Doctrine\ODM\MongoDB\UnitOfWork.php:515  @  cli: index.php app:user:create martin martin  @@  exception-2012-02-12-13-22-11-52b633a6a80e69a22ca3abec72a925c7.html
[2012-02-12 13-36-52] Fatal error: Class 'Security\PasswordHasher' not found in H:\inetpub\nalada.sk\app\console\commands\CreateUser.php:66  @  cli: index.php app:user:create martin martin  @@  exception-2012-02-12-13-36-52-9635c86a23cdd8ad2b8e3da2529b5e8f.html
[2012-02-12 13-37-14] InvalidArgumentException: Document has to be managed for single computation User@000000002a6b24450000000043b8ef57 in H:\inetpub\nalada.sk\libs\Doctrine\ODM\MongoDB\UnitOfWork.php:515  @  cli: index.php app:user:create martin martin  @@  exception-2012-02-12-13-37-14-fcedd4056b4538fc8e14a3ddffc09804.html
[2012-02-12 13-54-40] Nette\Utils\NeonException: Unexpected ':' on line 33, column 20. in H:\inetpub\nalada.sk\libs\Nette\Utils\Neon.php:352  @  cli: index.php app:user:create test test  @@  exception-2012-02-12-13-54-40-46b15a40b8c670d2ae4b452a0554ccca.html
